Build started 4.5.10 16:57:07.
     1>Project "D:\FSO\ModelView\MODVIEW32.vcxproj" on node 2 (build target(s)).
     1>C:\Program Files (x86)\MSBuild\Microsoft.Cpp\v4.0\Microsoft.CppBuild.targets(298,5): warning MSB8004: Intermediate Directory does not end with a trailing slash.  This build instance will add the slash as it is required to allow proper evaluation of the Intermediate Directory.
     1>C:\Program Files (x86)\MSBuild\Microsoft.Cpp\v4.0\Microsoft.CppBuild.targets(299,5): warning MSB8004: Output Directory does not end with a trailing slash.  This build instance will add the slash as it is required to allow proper evaluation of the Output Directory.
     1>InitializeBuildStatus:
         Creating ".\Debug\MODVIEW32.unsuccessfulbuild" because "AlwaysCreate" was specified.
       ClCompile:
         C:\Program Files (x86)\Microsoft Visual Studio 10.0\VC\bin\CL.exe /c /ZI /nologo /W3 /WX- /Od /Oy- /D WIN32 /D _DEBUG /D _WINDOWS /D _VC80_UPGRADE=0x0600 /D _MBCS /Gm /EHsc /RTC1 /MTd /GS /Gy- /fp:precise /Zc:wchar_t /Zc:forScope /Yc"stdafx.h" /Fp".\Debug1\MODVIEW32.pch" /Fo".\Debug1\\" /Fd".\Debug1\vc100.pdb" /FR".\Debug\\" /Gd /TP /analyze- /errorReport:prompt StdAfx.cpp
         StdAfx.cpp
         _WIN32_WINNT not defined. Defaulting to _WIN32_WINNT_MAXVER (see WinSDKVer.h)
         C:\Program Files (x86)\Microsoft Visual Studio 10.0\VC\bin\CL.exe /c /ZI /nologo /W3 /WX- /Od /Oy- /D WIN32 /D _DEBUG /D _WINDOWS /D _VC80_UPGRADE=0x0600 /D _MBCS /Gm /EHsc /RTC1 /MTd /GS /Gy- /fp:precise /Zc:wchar_t /Zc:forScope /Yu"stdafx.h" /Fp".\Debug1\MODVIEW32.pch" /Fo".\Debug1\\" /Fd".\Debug1\vc100.pdb" /FR".\Debug\\" /Gd /TP /analyze- /errorReport:prompt AW_CMultiViewSplitter.cpp BCMenu.cpp CompilerErrorDlg.cpp CoolControlsManager.cpp DataSafe.cpp Details.cpp DM_Reg.cpp dm_tools.cpp EditorFS_FUEL.cpp EditorFS_GPNT.cpp EditorFS_MODEL.cpp EditorFS_SHLD.cpp EditorFS_SOBJ.cpp EditorFS_SPCL.cpp EditorFS_TGUN.cpp EditorFSDlg_MomentOfInertia.cpp EditorFSDlg_TextureNamesEdit.cpp EditorFSDlg_Textures.cpp Explorer.cpp ExplorerBar.cpp FolderDlg.cpp FSChunk.cpp GamePaneD2.cpp GamePaneD3.cpp GamePaneFS.cpp GamePaneRF.cpp Help_Using.cpp HTMLTaskView.cpp ImportCOB.cpp ImportDlg.cpp LVSort.cpp MainFrm.cpp Matrix.cpp MODVIEW32.cpp MODVIEW32Doc.cpp MODVIEW32View.cpp OpenDlg.cpp OptionsDlg.cpp ProgressWnd.cpp SilentSplitterWnd.cpp Splash.cpp SplashNew.cpp splitterex.cpp StaticWithColor.cpp stif32c.cpp TableList.cpp TextureView.cpp tga.cpp TXList.cpp TXView.cpp TXViewModeToolbar.cpp VPFileDialog.cpp VPFileDialogSubWnd.cpp Welcome.cpp WelcomePane.cpp
         WelcomePane.cpp
         Welcome.cpp
         VPFileDialogSubWnd.cpp
         VPFileDialog.cpp
         TXViewModeToolbar.cpp
         TXView.cpp
         TXList.cpp
         tga.cpp
     1>d:\fso\modelview\tga.cpp(92): warning C4996: 'fopen': This function or variable may be unsafe. Consider using fopen_s instead. To disable deprecation, use _CRT_SECURE_NO_WARNINGS. See online help for details.
                 c:\program files (x86)\microsoft visual studio 10.0\vc\include\stdio.h(234) : see declaration of 'fopen'
         TextureView.cpp
         TableList.cpp
         stif32c.cpp
     1>d:\fso\modelview\stif32c.cpp(21): warning C4996: 'fopen': This function or variable may be unsafe. Consider using fopen_s instead. To disable deprecation, use _CRT_SECURE_NO_WARNINGS. See online help for details.
                 c:\program files (x86)\microsoft visual studio 10.0\vc\include\stdio.h(234) : see declaration of 'fopen'
     1>d:\fso\modelview\stif32c.cpp(25): warning C4996: 'fopen': This function or variable may be unsafe. Consider using fopen_s instead. To disable deprecation, use _CRT_SECURE_NO_WARNINGS. See online help for details.
                 c:\program files (x86)\microsoft visual studio 10.0\vc\include\stdio.h(234) : see declaration of 'fopen'
     1>d:\fso\modelview\stif32c.cpp(73): warning C4996: 'strcat': This function or variable may be unsafe. Consider using strcat_s instead. To disable deprecation, use _CRT_SECURE_NO_WARNINGS. See online help for details.
                 c:\program files (x86)\microsoft visual studio 10.0\vc\include\string.h(110) : see declaration of 'strcat'
     1>d:\fso\modelview\stif32c.cpp(81): warning C4996: 'fopen': This function or variable may be unsafe. Consider using fopen_s instead. To disable deprecation, use _CRT_SECURE_NO_WARNINGS. See online help for details.
                 c:\program files (x86)\microsoft visual studio 10.0\vc\include\stdio.h(234) : see declaration of 'fopen'
     1>d:\fso\modelview\stif32c.cpp(92): warning C4996: 'strcpy': This function or variable may be unsafe. Consider using strcpy_s instead. To disable deprecation, use _CRT_SECURE_NO_WARNINGS. See online help for details.
                 c:\program files (x86)\microsoft visual studio 10.0\vc\include\string.h(105) : see declaration of 'strcpy'
     1>d:\fso\modelview\stif32c.cpp(94): warning C4996: 'strcat': This function or variable may be unsafe. Consider using strcat_s instead. To disable deprecation, use _CRT_SECURE_NO_WARNINGS. See online help for details.
                 c:\program files (x86)\microsoft visual studio 10.0\vc\include\string.h(110) : see declaration of 'strcat'
     1>d:\fso\modelview\stif32c.cpp(196): warning C4996: 'strcpy': This function or variable may be unsafe. Consider using strcpy_s instead. To disable deprecation, use _CRT_SECURE_NO_WARNINGS. See online help for details.
                 c:\program files (x86)\microsoft visual studio 10.0\vc\include\string.h(105) : see declaration of 'strcpy'
     1>d:\fso\modelview\stif32c.cpp(202): warning C4996: 'strcpy': This function or variable may be unsafe. Consider using strcpy_s instead. To disable deprecation, use _CRT_SECURE_NO_WARNINGS. See online help for details.
                 c:\program files (x86)\microsoft visual studio 10.0\vc\include\string.h(105) : see declaration of 'strcpy'
     1>d:\fso\modelview\stif32c.cpp(211): warning C4996: 'strcpy': This function or variable may be unsafe. Consider using strcpy_s instead. To disable deprecation, use _CRT_SECURE_NO_WARNINGS. See online help for details.
                 c:\program files (x86)\microsoft visual studio 10.0\vc\include\string.h(105) : see declaration of 'strcpy'
     1>d:\fso\modelview\stif32c.cpp(220): warning C4996: 'strcpy': This function or variable may be unsafe. Consider using strcpy_s instead. To disable deprecation, use _CRT_SECURE_NO_WARNINGS. See online help for details.
                 c:\program files (x86)\microsoft visual studio 10.0\vc\include\string.h(105) : see declaration of 'strcpy'
         StaticWithColor.cpp
         splitterex.cpp
         SplashNew.cpp
         Splash.cpp
         SilentSplitterWnd.cpp
         ProgressWnd.cpp
         OptionsDlg.cpp
     1>d:\fso\modelview\optionsdlg.cpp(147): warning C4996: 'strcat': This function or variable may be unsafe. Consider using strcat_s instead. To disable deprecation, use _CRT_SECURE_NO_WARNINGS. See online help for details.
                 c:\program files (x86)\microsoft visual studio 10.0\vc\include\string.h(110) : see declaration of 'strcat'
     1>d:\fso\modelview\optionsdlg.cpp(173): warning C4996: 'strcpy': This function or variable may be unsafe. Consider using strcpy_s instead. To disable deprecation, use _CRT_SECURE_NO_WARNINGS. See online help for details.
                 c:\program files (x86)\microsoft visual studio 10.0\vc\include\string.h(105) : see declaration of 'strcpy'
         OpenDlg.cpp
         MODVIEW32View.cpp
     1>d:\fso\modelview\modview32view.cpp(770): warning C4244: 'argument' : conversion from 'float' to 'int', possible loss of data
     1>d:\fso\modelview\modview32view.cpp(801): warning C4244: 'argument' : conversion from 'float' to 'int', possible loss of data
     1>d:\fso\modelview\modview32view.cpp(861): warning C4018: '<' : signed/unsigned mismatch
     1>d:\fso\modelview\modview32view.cpp(886): warning C4018: '<' : signed/unsigned mismatch
     1>d:\fso\modelview\modview32view.cpp(1111): warning C4018: '<' : signed/unsigned mismatch
         Generating Code...
         Compiling...
         MODVIEW32Doc.cpp
     1>d:\fso\modelview\modview32doc.cpp(537): warning C4244: 'argument' : conversion from 'ULONGLONG' to 'UINT', possible loss of data
     1>d:\fso\modelview\modview32doc.cpp(685): warning C4996: 'strcpy': This function or variable may be unsafe. Consider using strcpy_s instead. To disable deprecation, use _CRT_SECURE_NO_WARNINGS. See online help for details.
                 c:\program files (x86)\microsoft visual studio 10.0\vc\include\string.h(105) : see declaration of 'strcpy'
     1>d:\fso\modelview\modview32doc.cpp(739): warning C4018: '<' : signed/unsigned mismatch
     1>d:\fso\modelview\modview32doc.cpp(763): warning C4018: '<' : signed/unsigned mismatch
     1>d:\fso\modelview\modview32doc.cpp(779): warning C4996: 'sprintf': This function or variable may be unsafe. Consider using sprintf_s instead. To disable deprecation, use _CRT_SECURE_NO_WARNINGS. See online help for details.
                 c:\program files (x86)\microsoft visual studio 10.0\vc\include\stdio.h(371) : see declaration of 'sprintf'
     1>d:\fso\modelview\modview32doc.cpp(806): warning C4244: '=' : conversion from 'ULONGLONG' to 'int', possible loss of data
     1>d:\fso\modelview\modview32doc.cpp(815): warning C4018: '<' : signed/unsigned mismatch
     1>d:\fso\modelview\modview32doc.cpp(815): warning C4996: 'strcmpi': The POSIX name for this item is deprecated. Instead, use the ISO C++ conformant name: _strcmpi. See online help for details.
                 c:\program files (x86)\microsoft visual studio 10.0\vc\include\string.h(245) : see declaration of 'strcmpi'
     1>d:\fso\modelview\modview32doc.cpp(818): warning C4018: '<' : signed/unsigned mismatch
     1>d:\fso\modelview\modview32doc.cpp(865): warning C4244: '=' : conversion from 'ULONGLONG' to 'int', possible loss of data
     1>d:\fso\modelview\modview32doc.cpp(874): warning C4018: '<' : signed/unsigned mismatch
     1>d:\fso\modelview\modview32doc.cpp(874): warning C4996: 'strcmpi': The POSIX name for this item is deprecated. Instead, use the ISO C++ conformant name: _strcmpi. See online help for details.
                 c:\program files (x86)\microsoft visual studio 10.0\vc\include\string.h(245) : see declaration of 'strcmpi'
     1>d:\fso\modelview\modview32doc.cpp(877): warning C4018: '<' : signed/unsigned mismatch
     1>d:\fso\modelview\modview32doc.cpp(910): warning C4244: '=' : conversion from 'ULONGLONG' to 'int', possible loss of data
     1>d:\fso\modelview\modview32doc.cpp(919): warning C4018: '<' : signed/unsigned mismatch
     1>d:\fso\modelview\modview32doc.cpp(919): warning C4996: 'strcmpi': The POSIX name for this item is deprecated. Instead, use the ISO C++ conformant name: _strcmpi. See online help for details.
                 c:\program files (x86)\microsoft visual studio 10.0\vc\include\string.h(245) : see declaration of 'strcmpi'
     1>d:\fso\modelview\modview32doc.cpp(921): warning C4018: '<' : signed/unsigned mismatch
     1>d:\fso\modelview\modview32doc.cpp(963): warning C4244: '=' : conversion from 'ULONGLONG' to 'int', possible loss of data
     1>d:\fso\modelview\modview32doc.cpp(972): warning C4018: '<' : signed/unsigned mismatch
     1>d:\fso\modelview\modview32doc.cpp(972): warning C4996: 'strcmpi': The POSIX name for this item is deprecated. Instead, use the ISO C++ conformant name: _strcmpi. See online help for details.
                 c:\program files (x86)\microsoft visual studio 10.0\vc\include\string.h(245) : see declaration of 'strcmpi'
     1>d:\fso\modelview\modview32doc.cpp(974): warning C4018: '<' : signed/unsigned mismatch
     1>d:\fso\modelview\modview32doc.cpp(1038): warning C4018: '<' : signed/unsigned mismatch
     1>d:\fso\modelview\modview32doc.cpp(1039): warning C4018: '<' : signed/unsigned mismatch
     1>d:\fso\modelview\modview32doc.cpp(1114): warning C4018: '<' : signed/unsigned mismatch
     1>d:\fso\modelview\modview32doc.cpp(1121): warning C4018: '<' : signed/unsigned mismatch
     1>d:\fso\modelview\modview32doc.cpp(1137): warning C4018: '<' : signed/unsigned mismatch
     1>d:\fso\modelview\modview32doc.cpp(1144): warning C4018: '<' : signed/unsigned mismatch
     1>d:\fso\modelview\modview32doc.cpp(1148): warning C4018: '<' : signed/unsigned mismatch
     1>d:\fso\modelview\modview32doc.cpp(1153): warning C4018: '<' : signed/unsigned mismatch
     1>d:\fso\modelview\modview32doc.cpp(1168): warning C4018: '<' : signed/unsigned mismatch
     1>d:\fso\modelview\modview32doc.cpp(1171): warning C4018: '<' : signed/unsigned mismatch
     1>d:\fso\modelview\modview32doc.cpp(1212): warning C4018: '<' : signed/unsigned mismatch
     1>d:\fso\modelview\modview32doc.cpp(1213): warning C4018: '<' : signed/unsigned mismatch
     1>d:\fso\modelview\modview32doc.cpp(1271): warning C4018: '<' : signed/unsigned mismatch
     1>d:\fso\modelview\modview32doc.cpp(1273): warning C4018: '<' : signed/unsigned mismatch
     1>d:\fso\modelview\modview32doc.cpp(1299): warning C4018: '<' : signed/unsigned mismatch
     1>d:\fso\modelview\modview32doc.cpp(1312): warning C4018: '<' : signed/unsigned mismatch
     1>d:\fso\modelview\modview32doc.cpp(1314): warning C4018: '<' : signed/unsigned mismatch
     1>d:\fso\modelview\modview32doc.cpp(1494): warning C4244: 'return' : conversion from 'ULONGLONG' to 'int', possible loss of data
     1>d:\fso\modelview\modview32doc.cpp(1531): warning C4244: '=' : conversion from 'ULONGLONG' to 'int', possible loss of data
     1>d:\fso\modelview\modview32doc.cpp(1563): warning C4244: '=' : conversion from 'ULONGLONG' to 'unsigned long', possible loss of data
     1>d:\fso\modelview\modview32doc.cpp(1564): warning C4244: '=' : conversion from 'ULONGLONG' to 'unsigned long', possible loss of data
     1>d:\fso\modelview\modview32doc.cpp(1573): warning C4018: '>' : signed/unsigned mismatch
     1>d:\fso\modelview\modview32doc.cpp(1611): warning C4018: '<' : signed/unsigned mismatch
     1>d:\fso\modelview\modview32doc.cpp(1632): warning C4018: '<' : signed/unsigned mismatch
     1>d:\fso\modelview\modview32doc.cpp(1635): warning C4018: '<' : signed/unsigned mismatch
     1>d:\fso\modelview\modview32doc.cpp(1648): warning C4244: 'initializing' : conversion from 'double' to 'float', possible loss of data
     1>d:\fso\modelview\modview32doc.cpp(1835): warning C4244: 'initializing' : conversion from 'ULONGLONG' to 'int', possible loss of data
     1>d:\fso\modelview\modview32doc.cpp(1837): warning C4244: 'initializing' : conversion from 'ULONGLONG' to 'int', possible loss of data
     1>d:\fso\modelview\modview32doc.cpp(1839): warning C4244: 'initializing' : conversion from 'ULONGLONG' to 'int', possible loss of data
     1>d:\fso\modelview\modview32doc.cpp(1859): warning C4244: 'initializing' : conversion from 'ULONGLONG' to 'int', possible loss of data
     1>d:\fso\modelview\modview32doc.cpp(1984): warning C4244: 'initializing' : conversion from 'ULONGLONG' to 'int', possible loss of data
     1>d:\fso\modelview\modview32doc.cpp(2163): warning C4996: 'sprintf': This function or variable may be unsafe. Consider using sprintf_s instead. To disable deprecation, use _CRT_SECURE_NO_WARNINGS. See online help for details.
                 c:\program files (x86)\microsoft visual studio 10.0\vc\include\stdio.h(371) : see declaration of 'sprintf'
     1>d:\fso\modelview\modview32doc.cpp(2170): warning C4244: '=' : conversion from 'ULONGLONG' to 'unsigned long', possible loss of data
     1>d:\fso\modelview\modview32doc.cpp(2207): warning C4018: '<' : signed/unsigned mismatch
     1>d:\fso\modelview\modview32doc.cpp(2213): warning C4018: '<' : signed/unsigned mismatch
     1>d:\fso\modelview\modview32doc.cpp(2267): warning C4018: '<' : signed/unsigned mismatch
     1>d:\fso\modelview\modview32doc.cpp(2461): warning C4996: 'sprintf': This function or variable may be unsafe. Consider using sprintf_s instead. To disable deprecation, use _CRT_SECURE_NO_WARNINGS. See online help for details.
                 c:\program files (x86)\microsoft visual studio 10.0\vc\include\stdio.h(371) : see declaration of 'sprintf'
     1>d:\fso\modelview\modview32doc.cpp(2494): warning C4996: 'strcmpi': The POSIX name for this item is deprecated. Instead, use the ISO C++ conformant name: _strcmpi. See online help for details.
                 c:\program files (x86)\microsoft visual studio 10.0\vc\include\string.h(245) : see declaration of 'strcmpi'
     1>d:\fso\modelview\modview32doc.cpp(2502): warning C4996: 'strncpy': This function or variable may be unsafe. Consider using strncpy_s instead. To disable deprecation, use _CRT_SECURE_NO_WARNINGS. See online help for details.
                 c:\program files (x86)\microsoft visual studio 10.0\vc\include\string.h(188) : see declaration of 'strncpy'
     1>d:\fso\modelview\modview32doc.cpp(2554): warning C4996: 'strcmpi': The POSIX name for this item is deprecated. Instead, use the ISO C++ conformant name: _strcmpi. See online help for details.
                 c:\program files (x86)\microsoft visual studio 10.0\vc\include\string.h(245) : see declaration of 'strcmpi'
     1>d:\fso\modelview\modview32doc.cpp(2556): warning C4996: 'strcmpi': The POSIX name for this item is deprecated. Instead, use the ISO C++ conformant name: _strcmpi. See online help for details.
                 c:\program files (x86)\microsoft visual studio 10.0\vc\include\string.h(245) : see declaration of 'strcmpi'
     1>d:\fso\modelview\modview32doc.cpp(2766): warning C4244: '=' : conversion from 'ULONGLONG' to 'DWORD', possible loss of data
     1>d:\fso\modelview\modview32doc.cpp(2792): warning C4244: '=' : conversion from 'ULONGLONG' to 'unsigned long', possible loss of data
     1>d:\fso\modelview\modview32doc.cpp(2797): warning C4244: '=' : conversion from 'ULONGLONG' to 'int', possible loss of data
     1>d:\fso\modelview\modview32doc.cpp(3329): warning C4996: 'sprintf': This function or variable may be unsafe. Consider using sprintf_s instead. To disable deprecation, use _CRT_SECURE_NO_WARNINGS. See online help for details.
                 c:\program files (x86)\microsoft visual studio 10.0\vc\include\stdio.h(371) : see declaration of 'sprintf'
     1>d:\fso\modelview\modview32doc.cpp(3348): warning C4996: 'strcpy': This function or variable may be unsafe. Consider using strcpy_s instead. To disable deprecation, use _CRT_SECURE_NO_WARNINGS. See online help for details.
                 c:\program files (x86)\microsoft visual studio 10.0\vc\include\string.h(105) : see declaration of 'strcpy'
     1>d:\fso\modelview\modview32doc.cpp(3349): warning C4996: 'strcat': This function or variable may be unsafe. Consider using strcat_s instead. To disable deprecation, use _CRT_SECURE_NO_WARNINGS. See online help for details.
                 c:\program files (x86)\microsoft visual studio 10.0\vc\include\string.h(110) : see declaration of 'strcat'
     1>d:\fso\modelview\modview32doc.cpp(3352): warning C4996: 'fopen': This function or variable may be unsafe. Consider using fopen_s instead. To disable deprecation, use _CRT_SECURE_NO_WARNINGS. See online help for details.
                 c:\program files (x86)\microsoft visual studio 10.0\vc\include\stdio.h(234) : see declaration of 'fopen'
     1>d:\fso\modelview\modview32doc.cpp(3368): warning C4996: 'strcmpi': The POSIX name for this item is deprecated. Instead, use the ISO C++ conformant name: _strcmpi. See online help for details.
                 c:\program files (x86)\microsoft visual studio 10.0\vc\include\string.h(245) : see declaration of 'strcmpi'
     1>d:\fso\modelview\modview32doc.cpp(3373): warning C4996: 'fopen': This function or variable may be unsafe. Consider using fopen_s instead. To disable deprecation, use _CRT_SECURE_NO_WARNINGS. See online help for details.
                 c:\program files (x86)\microsoft visual studio 10.0\vc\include\stdio.h(234) : see declaration of 'fopen'
     1>d:\fso\modelview\modview32doc.cpp(3392): warning C4996: 'strcmpi': The POSIX name for this item is deprecated. Instead, use the ISO C++ conformant name: _strcmpi. See online help for details.
                 c:\program files (x86)\microsoft visual studio 10.0\vc\include\string.h(245) : see declaration of 'strcmpi'
     1>d:\fso\modelview\modview32doc.cpp(3397): warning C4996: 'fopen': This function or variable may be unsafe. Consider using fopen_s instead. To disable deprecation, use _CRT_SECURE_NO_WARNINGS. See online help for details.
                 c:\program files (x86)\microsoft visual studio 10.0\vc\include\stdio.h(234) : see declaration of 'fopen'
     1>d:\fso\modelview\modview32doc.cpp(3415): warning C4996: 'strcpy': This function or variable may be unsafe. Consider using strcpy_s instead. To disable deprecation, use _CRT_SECURE_NO_WARNINGS. See online help for details.
                 c:\program files (x86)\microsoft visual studio 10.0\vc\include\string.h(105) : see declaration of 'strcpy'
     1>d:\fso\modelview\modview32doc.cpp(3416): warning C4996: 'strcat': This function or variable may be unsafe. Consider using strcat_s instead. To disable deprecation, use _CRT_SECURE_NO_WARNINGS. See online help for details.
                 c:\program files (x86)\microsoft visual studio 10.0\vc\include\string.h(110) : see declaration of 'strcat'
     1>d:\fso\modelview\modview32doc.cpp(3419): warning C4996: 'fopen': This function or variable may be unsafe. Consider using fopen_s instead. To disable deprecation, use _CRT_SECURE_NO_WARNINGS. See online help for details.
                 c:\program files (x86)\microsoft visual studio 10.0\vc\include\stdio.h(234) : see declaration of 'fopen'
     1>d:\fso\modelview\modview32doc.cpp(3435): warning C4996: 'strcmpi': The POSIX name for this item is deprecated. Instead, use the ISO C++ conformant name: _strcmpi. See online help for details.
                 c:\program files (x86)\microsoft visual studio 10.0\vc\include\string.h(245) : see declaration of 'strcmpi'
     1>d:\fso\modelview\modview32doc.cpp(3440): warning C4996: 'fopen': This function or variable may be unsafe. Consider using fopen_s instead. To disable deprecation, use _CRT_SECURE_NO_WARNINGS. See online help for details.
                 c:\program files (x86)\microsoft visual studio 10.0\vc\include\stdio.h(234) : see declaration of 'fopen'
     1>d:\fso\modelview\modview32doc.cpp(3459): warning C4996: 'strcmpi': The POSIX name for this item is deprecated. Instead, use the ISO C++ conformant name: _strcmpi. See online help for details.
                 c:\program files (x86)\microsoft visual studio 10.0\vc\include\string.h(245) : see declaration of 'strcmpi'
     1>d:\fso\modelview\modview32doc.cpp(3464): warning C4996: 'fopen': This function or variable may be unsafe. Consider using fopen_s instead. To disable deprecation, use _CRT_SECURE_NO_WARNINGS. See online help for details.
                 c:\program files (x86)\microsoft visual studio 10.0\vc\include\stdio.h(234) : see declaration of 'fopen'
     1>d:\fso\modelview\modview32doc.cpp(3593): warning C4996: 'sprintf': This function or variable may be unsafe. Consider using sprintf_s instead. To disable deprecation, use _CRT_SECURE_NO_WARNINGS. See online help for details.
                 c:\program files (x86)\microsoft visual studio 10.0\vc\include\stdio.h(371) : see declaration of 'sprintf'
     1>d:\fso\modelview\modview32doc.cpp(3696): warning C4996: 'strcpy': This function or variable may be unsafe. Consider using strcpy_s instead. To disable deprecation, use _CRT_SECURE_NO_WARNINGS. See online help for details.
                 c:\program files (x86)\microsoft visual studio 10.0\vc\include\string.h(105) : see declaration of 'strcpy'
     1>d:\fso\modelview\modview32doc.cpp(3749): warning C4996: 'strncpy': This function or variable may be unsafe. Consider using strncpy_s instead. To disable deprecation, use _CRT_SECURE_NO_WARNINGS. See online help for details.
                 c:\program files (x86)\microsoft visual studio 10.0\vc\include\string.h(188) : see declaration of 'strncpy'
     1>d:\fso\modelview\modview32doc.cpp(3768): warning C4996: 'strcpy': This function or variable may be unsafe. Consider using strcpy_s instead. To disable deprecation, use _CRT_SECURE_NO_WARNINGS. See online help for details.
                 c:\program files (x86)\microsoft visual studio 10.0\vc\include\string.h(105) : see declaration of 'strcpy'
     1>d:\fso\modelview\modview32doc.cpp(3777): warning C4996: 'strcmpi': The POSIX name for this item is deprecated. Instead, use the ISO C++ conformant name: _strcmpi. See online help for details.
                 c:\program files (x86)\microsoft visual studio 10.0\vc\include\string.h(245) : see declaration of 'strcmpi'
     1>d:\fso\modelview\modview32doc.cpp(3784): warning C4996: 'strncpy': This function or variable may be unsafe. Consider using strncpy_s instead. To disable deprecation, use _CRT_SECURE_NO_WARNINGS. See online help for details.
                 c:\program files (x86)\microsoft visual studio 10.0\vc\include\string.h(188) : see declaration of 'strncpy'
     1>d:\fso\modelview\modview32doc.cpp(3888): warning C4996: 'strcmpi': The POSIX name for this item is deprecated. Instead, use the ISO C++ conformant name: _strcmpi. See online help for details.
                 c:\program files (x86)\microsoft visual studio 10.0\vc\include\string.h(245) : see declaration of 'strcmpi'
     1>d:\fso\modelview\modview32doc.cpp(3890): warning C4996: 'strcmpi': The POSIX name for this item is deprecated. Instead, use the ISO C++ conformant name: _strcmpi. See online help for details.
                 c:\program files (x86)\microsoft visual studio 10.0\vc\include\string.h(245) : see declaration of 'strcmpi'
     1>d:\fso\modelview\modview32doc.cpp(4167): warning C4244: '=' : conversion from 'ULONGLONG' to 'int', possible loss of data
     1>d:\fso\modelview\modview32doc.cpp(4195): warning C4244: '=' : conversion from 'ULONGLONG' to 'int', possible loss of data
     1>d:\fso\modelview\modview32doc.cpp(4208): warning C4244: '=' : conversion from 'ULONGLONG' to 'int', possible loss of data
     1>d:\fso\modelview\modview32doc.cpp(4214): warning C4244: '=' : conversion from 'ULONGLONG' to 'int', possible loss of data
     1>d:\fso\modelview\modview32doc.cpp(4219): warning C4244: '=' : conversion from 'ULONGLONG' to 'int', possible loss of data
     1>d:\fso\modelview\modview32doc.cpp(4271): warning C4244: '=' : conversion from 'ULONGLONG' to 'int', possible loss of data
     1>d:\fso\modelview\modview32doc.cpp(4293): warning C4244: '=' : conversion from 'ULONGLONG' to 'int', possible loss of data
     1>d:\fso\modelview\modview32doc.cpp(4298): warning C4244: '=' : conversion from 'ULONGLONG' to 'int', possible loss of data
     1>d:\fso\modelview\modview32doc.cpp(4304): warning C4244: '=' : conversion from 'ULONGLONG' to 'int', possible loss of data
     1>d:\fso\modelview\modview32doc.cpp(4356): warning C4244: '=' : conversion from 'ULONGLONG' to 'int', possible loss of data
     1>d:\fso\modelview\modview32doc.cpp(4359): warning C4244: '=' : conversion from 'ULONGLONG' to 'int', possible loss of data
     1>d:\fso\modelview\modview32doc.cpp(4361): warning C4244: '=' : conversion from 'ULONGLONG' to 'int', possible loss of data
     1>d:\fso\modelview\modview32doc.cpp(4363): warning C4244: '=' : conversion from 'ULONGLONG' to 'int', possible loss of data
     1>d:\fso\modelview\modview32doc.cpp(4395): warning C4244: '=' : conversion from 'ULONGLONG' to 'int', possible loss of data
     1>d:\fso\modelview\modview32doc.cpp(4398): warning C4244: '=' : conversion from 'ULONGLONG' to 'int', possible loss of data
     1>d:\fso\modelview\modview32doc.cpp(4400): warning C4244: '=' : conversion from 'ULONGLONG' to 'int', possible loss of data
     1>d:\fso\modelview\modview32doc.cpp(4402): warning C4244: '=' : conversion from 'ULONGLONG' to 'int', possible loss of data
     1>d:\fso\modelview\modview32doc.cpp(4574): warning C4996: 'strcpy': This function or variable may be unsafe. Consider using strcpy_s instead. To disable deprecation, use _CRT_SECURE_NO_WARNINGS. See online help for details.
                 c:\program files (x86)\microsoft visual studio 10.0\vc\include\string.h(105) : see declaration of 'strcpy'
     1>d:\fso\modelview\modview32doc.cpp(4581): warning C4996: 'sprintf': This function or variable may be unsafe. Consider using sprintf_s instead. To disable deprecation, use _CRT_SECURE_NO_WARNINGS. See online help for details.
                 c:\program files (x86)\microsoft visual studio 10.0\vc\include\stdio.h(371) : see declaration of 'sprintf'
     1>d:\fso\modelview\modview32doc.cpp(5137): warning C4996: 'fopen': This function or variable may be unsafe. Consider using fopen_s instead. To disable deprecation, use _CRT_SECURE_NO_WARNINGS. See online help for details.
                 c:\program files (x86)\microsoft visual studio 10.0\vc\include\stdio.h(234) : see declaration of 'fopen'
     1>d:\fso\modelview\modview32doc.cpp(5636): warning C4244: 'argument' : conversion from 'ULONGLONG' to 'int', possible loss of data
     1>d:\fso\modelview\modview32doc.cpp(5645): warning C4996: 'strcpy': This function or variable may be unsafe. Consider using strcpy_s instead. To disable deprecation, use _CRT_SECURE_NO_WARNINGS. See online help for details.
                 c:\program files (x86)\microsoft visual studio 10.0\vc\include\string.h(105) : see declaration of 'strcpy'
     1>d:\fso\modelview\modview32doc.cpp(6101): warning C4018: '<' : signed/unsigned mismatch
     1>d:\fso\modelview\modview32doc.cpp(6146): warning C4018: '<' : signed/unsigned mismatch
     1>d:\fso\modelview\modview32doc.cpp(6149): warning C4018: '<' : signed/unsigned mismatch
     1>d:\fso\modelview\modview32doc.cpp(6185): warning C4018: '<' : signed/unsigned mismatch
     1>d:\fso\modelview\modview32doc.cpp(6190): warning C4018: '<' : signed/unsigned mismatch
         MODVIEW32.cpp
     1>d:\fso\modelview\modview32.cpp(68): warning C4996: 'CWinApp::Enable3dControlsStatic': CWinApp::Enable3dControlsStatic is no longer needed. You should remove this call.
                 c:\program files (x86)\microsoft visual studio 10.0\vc\atlmfc\include\afxwin.h(5347) : see declaration of 'CWinApp::Enable3dControlsStatic'
         Matrix.cpp
         MainFrm.cpp
     1>d:\fso\modelview\mainfrm.cpp(482): warning C4996: 'sprintf': This function or variable may be unsafe. Consider using sprintf_s instead. To disable deprecation, use _CRT_SECURE_NO_WARNINGS. See online help for details.
                 c:\program files (x86)\microsoft visual studio 10.0\vc\include\stdio.h(371) : see declaration of 'sprintf'
     1>d:\fso\modelview\mainfrm.cpp(596): warning C4996: 'strcpy': This function or variable may be unsafe. Consider using strcpy_s instead. To disable deprecation, use _CRT_SECURE_NO_WARNINGS. See online help for details.
                 c:\program files (x86)\microsoft visual studio 10.0\vc\include\string.h(105) : see declaration of 'strcpy'
     1>d:\fso\modelview\mainfrm.cpp(795): warning C4244: 'return' : conversion from 'double' to 'float', possible loss of data
     1>d:\fso\modelview\mainfrm.cpp(796): warning C4244: 'return' : conversion from 'double' to 'float', possible loss of data
     1>d:\fso\modelview\mainfrm.cpp(797): warning C4244: 'return' : conversion from 'double' to 'float', possible loss of data
         LVSort.cpp
         ImportDlg.cpp
         ImportCOB.cpp
     1>d:\fso\modelview\importcob.cpp(231): warning C4244: '=' : conversion from 'ULONGLONG' to 'unsigned long', possible loss of data
     1>d:\fso\modelview\importcob.cpp(337): warning C4244: '=' : conversion from 'ULONGLONG' to 'unsigned long', possible loss of data
     1>d:\fso\modelview\importcob.cpp(1890): warning C4018: '<' : signed/unsigned mismatch
     1>d:\fso\modelview\importcob.cpp(2075): warning C4018: '<' : signed/unsigned mismatch
         HTMLTaskView.cpp
         Help_Using.cpp
         GamePaneRF.cpp
     1>d:\fso\modelview\gamepanerf.cpp(96): warning C4996: '_itoa': This function or variable may be unsafe. Consider using _itoa_s instead. To disable deprecation, use _CRT_SECURE_NO_WARNINGS. See online help for details.
                 c:\program files (x86)\microsoft visual studio 10.0\vc\include\stdlib.h(451) : see declaration of '_itoa'
     1>d:\fso\modelview\gamepanerf.cpp(98): warning C4996: '_itoa': This function or variable may be unsafe. Consider using _itoa_s instead. To disable deprecation, use _CRT_SECURE_NO_WARNINGS. See online help for details.
                 c:\program files (x86)\microsoft visual studio 10.0\vc\include\stdlib.h(451) : see declaration of '_itoa'
     1>d:\fso\modelview\gamepanerf.cpp(100): warning C4996: '_itoa': This function or variable may be unsafe. Consider using _itoa_s instead. To disable deprecation, use _CRT_SECURE_NO_WARNINGS. See online help for details.
                 c:\program files (x86)\microsoft visual studio 10.0\vc\include\stdlib.h(451) : see declaration of '_itoa'
     1>d:\fso\modelview\gamepanerf.cpp(102): warning C4996: '_itoa': This function or variable may be unsafe. Consider using _itoa_s instead. To disable deprecation, use _CRT_SECURE_NO_WARNINGS. See online help for details.
                 c:\program files (x86)\microsoft visual studio 10.0\vc\include\stdlib.h(451) : see declaration of '_itoa'
         GamePaneFS.cpp
     1>d:\fso\modelview\gamepanefs.cpp(106): warning C4018: '>=' : signed/unsigned mismatch
     1>d:\fso\modelview\gamepanefs.cpp(108): warning C4996: 'sprintf': This function or variable may be unsafe. Consider using sprintf_s instead. To disable deprecation, use _CRT_SECURE_NO_WARNINGS. See online help for details.
                 c:\program files (x86)\microsoft visual studio 10.0\vc\include\stdio.h(371) : see declaration of 'sprintf'
     1>d:\fso\modelview\gamepanefs.cpp(111): warning C4996: '_itoa': This function or variable may be unsafe. Consider using _itoa_s instead. To disable deprecation, use _CRT_SECURE_NO_WARNINGS. See online help for details.
                 c:\program files (x86)\microsoft visual studio 10.0\vc\include\stdlib.h(451) : see declaration of '_itoa'
     1>d:\fso\modelview\gamepanefs.cpp(112): warning C4996: '_itoa': This function or variable may be unsafe. Consider using _itoa_s instead. To disable deprecation, use _CRT_SECURE_NO_WARNINGS. See online help for details.
                 c:\program files (x86)\microsoft visual studio 10.0\vc\include\stdlib.h(451) : see declaration of '_itoa'
     1>d:\fso\modelview\gamepanefs.cpp(113): warning C4996: '_itoa': This function or variable may be unsafe. Consider using _itoa_s instead. To disable deprecation, use _CRT_SECURE_NO_WARNINGS. See online help for details.
                 c:\program files (x86)\microsoft visual studio 10.0\vc\include\stdlib.h(451) : see declaration of '_itoa'
     1>d:\fso\modelview\gamepanefs.cpp(114): warning C4996: '_itoa': This function or variable may be unsafe. Consider using _itoa_s instead. To disable deprecation, use _CRT_SECURE_NO_WARNINGS. See online help for details.
                 c:\program files (x86)\microsoft visual studio 10.0\vc\include\stdlib.h(451) : see declaration of '_itoa'
     1>d:\fso\modelview\gamepanefs.cpp(125): warning C4996: 'itoa': The POSIX name for this item is deprecated. Instead, use the ISO C++ conformant name: _itoa. See online help for details.
                 c:\program files (x86)\microsoft visual studio 10.0\vc\include\stdlib.h(867) : see declaration of 'itoa'
     1>d:\fso\modelview\gamepanefs.cpp(126): warning C4996: 'itoa': The POSIX name for this item is deprecated. Instead, use the ISO C++ conformant name: _itoa. See online help for details.
                 c:\program files (x86)\microsoft visual studio 10.0\vc\include\stdlib.h(867) : see declaration of 'itoa'
     1>d:\fso\modelview\gamepanefs.cpp(127): warning C4996: 'itoa': The POSIX name for this item is deprecated. Instead, use the ISO C++ conformant name: _itoa. See online help for details.
                 c:\program files (x86)\microsoft visual studio 10.0\vc\include\stdlib.h(867) : see declaration of 'itoa'
     1>d:\fso\modelview\gamepanefs.cpp(128): warning C4996: 'itoa': The POSIX name for this item is deprecated. Instead, use the ISO C++ conformant name: _itoa. See online help for details.
                 c:\program files (x86)\microsoft visual studio 10.0\vc\include\stdlib.h(867) : see declaration of 'itoa'
     1>d:\fso\modelview\gamepanefs.cpp(133): warning C4996: 'sprintf': This function or variable may be unsafe. Consider using sprintf_s instead. To disable deprecation, use _CRT_SECURE_NO_WARNINGS. See online help for details.
                 c:\program files (x86)\microsoft visual studio 10.0\vc\include\stdio.h(371) : see declaration of 'sprintf'
     1>d:\fso\modelview\gamepanefs.cpp(137): warning C4996: 'sprintf': This function or variable may be unsafe. Consider using sprintf_s instead. To disable deprecation, use _CRT_SECURE_NO_WARNINGS. See online help for details.
                 c:\program files (x86)\microsoft visual studio 10.0\vc\include\stdio.h(371) : see declaration of 'sprintf'
     1>d:\fso\modelview\gamepanefs.cpp(187): warning C4018: '<' : signed/unsigned mismatch
     1>d:\fso\modelview\gamepanefs.cpp(282): warning C4018: '<' : signed/unsigned mismatch
         GamePaneD3.cpp
     1>d:\fso\modelview\gamepaned3.cpp(90): warning C4996: 'itoa': The POSIX name for this item is deprecated. Instead, use the ISO C++ conformant name: _itoa. See online help for details.
                 c:\program files (x86)\microsoft visual studio 10.0\vc\include\stdlib.h(867) : see declaration of 'itoa'
     1>d:\fso\modelview\gamepaned3.cpp(92): warning C4996: 'itoa': The POSIX name for this item is deprecated. Instead, use the ISO C++ conformant name: _itoa. See online help for details.
                 c:\program files (x86)\microsoft visual studio 10.0\vc\include\stdlib.h(867) : see declaration of 'itoa'
     1>d:\fso\modelview\gamepaned3.cpp(94): warning C4996: 'itoa': The POSIX name for this item is deprecated. Instead, use the ISO C++ conformant name: _itoa. See online help for details.
                 c:\program files (x86)\microsoft visual studio 10.0\vc\include\stdlib.h(867) : see declaration of 'itoa'
     1>d:\fso\modelview\gamepaned3.cpp(96): warning C4996: 'itoa': The POSIX name for this item is deprecated. Instead, use the ISO C++ conformant name: _itoa. See online help for details.
                 c:\program files (x86)\microsoft visual studio 10.0\vc\include\stdlib.h(867) : see declaration of 'itoa'
     1>d:\fso\modelview\gamepaned3.cpp(98): warning C4996: 'itoa': The POSIX name for this item is deprecated. Instead, use the ISO C++ conformant name: _itoa. See online help for details.
                 c:\program files (x86)\microsoft visual studio 10.0\vc\include\stdlib.h(867) : see declaration of 'itoa'
     1>d:\fso\modelview\gamepaned3.cpp(114): warning C4996: 'sprintf': This function or variable may be unsafe. Consider using sprintf_s instead. To disable deprecation, use _CRT_SECURE_NO_WARNINGS. See online help for details.
                 c:\program files (x86)\microsoft visual studio 10.0\vc\include\stdio.h(371) : see declaration of 'sprintf'
         GamePaneD2.cpp
     1>d:\fso\modelview\gamepaned2.cpp(92): warning C4996: '_itoa': This function or variable may be unsafe. Consider using _itoa_s instead. To disable deprecation, use _CRT_SECURE_NO_WARNINGS. See online help for details.
                 c:\program files (x86)\microsoft visual studio 10.0\vc\include\stdlib.h(451) : see declaration of '_itoa'
     1>d:\fso\modelview\gamepaned2.cpp(94): warning C4996: '_itoa': This function or variable may be unsafe. Consider using _itoa_s instead. To disable deprecation, use _CRT_SECURE_NO_WARNINGS. See online help for details.
                 c:\program files (x86)\microsoft visual studio 10.0\vc\include\stdlib.h(451) : see declaration of '_itoa'
     1>d:\fso\modelview\gamepaned2.cpp(96): warning C4996: '_itoa': This function or variable may be unsafe. Consider using _itoa_s instead. To disable deprecation, use _CRT_SECURE_NO_WARNINGS. See online help for details.
                 c:\program files (x86)\microsoft visual studio 10.0\vc\include\stdlib.h(451) : see declaration of '_itoa'
     1>d:\fso\modelview\gamepaned2.cpp(98): warning C4996: '_itoa': This function or variable may be unsafe. Consider using _itoa_s instead. To disable deprecation, use _CRT_SECURE_NO_WARNINGS. See online help for details.
                 c:\program files (x86)\microsoft visual studio 10.0\vc\include\stdlib.h(451) : see declaration of '_itoa'
     1>d:\fso\modelview\gamepaned2.cpp(100): warning C4996: '_itoa': This function or variable may be unsafe. Consider using _itoa_s instead. To disable deprecation, use _CRT_SECURE_NO_WARNINGS. See online help for details.
                 c:\program files (x86)\microsoft visual studio 10.0\vc\include\stdlib.h(451) : see declaration of '_itoa'
         FSChunk.cpp
     1>d:\fso\modelview\fschunk.cpp(42): warning C4244: 'initializing' : conversion from 'ULONGLONG' to 'int', possible loss of data
         FolderDlg.cpp
         ExplorerBar.cpp
         Explorer.cpp
         EditorFSDlg_Textures.cpp
         EditorFSDlg_TextureNamesEdit.cpp
         EditorFSDlg_MomentOfInertia.cpp
         Generating Code...
         Compiling...
         EditorFS_TGUN.cpp
     1>d:\fso\modelview\editorfs_tgun.cpp(448): warning C4244: '=' : conversion from 'double' to 'float', possible loss of data
     1>d:\fso\modelview\editorfs_tgun.cpp(450): warning C4244: '=' : conversion from 'double' to 'float', possible loss of data
     1>d:\fso\modelview\editorfs_tgun.cpp(452): warning C4244: '=' : conversion from 'double' to 'float', possible loss of data
     1>d:\fso\modelview\editorfs_tgun.cpp(459): warning C4244: '=' : conversion from 'double' to 'float', possible loss of data
     1>d:\fso\modelview\editorfs_tgun.cpp(461): warning C4244: '=' : conversion from 'double' to 'float', possible loss of data
     1>d:\fso\modelview\editorfs_tgun.cpp(463): warning C4244: '=' : conversion from 'double' to 'float', possible loss of data
     1>d:\fso\modelview\editorfs_tgun.cpp(764): warning C4996: '_itoa': This function or variable may be unsafe. Consider using _itoa_s instead. To disable deprecation, use _CRT_SECURE_NO_WARNINGS. See online help for details.
                 c:\program files (x86)\microsoft visual studio 10.0\vc\include\stdlib.h(451) : see declaration of '_itoa'
         EditorFS_SPCL.cpp
     1>d:\fso\modelview\editorfs_spcl.cpp(294): warning C4244: '=' : conversion from 'double' to 'float', possible loss of data
     1>d:\fso\modelview\editorfs_spcl.cpp(296): warning C4244: '=' : conversion from 'double' to 'float', possible loss of data
     1>d:\fso\modelview\editorfs_spcl.cpp(298): warning C4244: '=' : conversion from 'double' to 'float', possible loss of data
     1>d:\fso\modelview\editorfs_spcl.cpp(300): warning C4244: '=' : conversion from 'double' to 'float', possible loss of data
         EditorFS_SOBJ.cpp
     1>d:\fso\modelview\editorfs_sobj.cpp(100): warning C4018: '>=' : signed/unsigned mismatch
         EditorFS_SHLD.cpp
     1>d:\fso\modelview\editorfs_shld.cpp(141): warning C4244: 'initializing' : conversion from 'double' to 'float', possible loss of data
     1>d:\fso\modelview\editorfs_shld.cpp(143): warning C4244: 'initializing' : conversion from 'double' to 'float', possible loss of data
     1>d:\fso\modelview\editorfs_shld.cpp(145): warning C4244: 'initializing' : conversion from 'double' to 'float', possible loss of data
     1>d:\fso\modelview\editorfs_shld.cpp(153): warning C4018: '<' : signed/unsigned mismatch
     1>d:\fso\modelview\editorfs_shld.cpp(245): warning C4244: 'initializing' : conversion from 'ULONGLONG' to 'int', possible loss of data
     1>d:\fso\modelview\editorfs_shld.cpp(261): warning C4244: '=' : conversion from 'ULONGLONG' to 'int', possible loss of data
     1>d:\fso\modelview\editorfs_shld.cpp(268): warning C4018: '<' : signed/unsigned mismatch
     1>d:\fso\modelview\editorfs_shld.cpp(278): warning C4018: '<' : signed/unsigned mismatch
     1>d:\fso\modelview\editorfs_shld.cpp(378): warning C4244: 'initializing' : conversion from 'double' to 'float', possible loss of data
     1>d:\fso\modelview\editorfs_shld.cpp(380): warning C4244: 'initializing' : conversion from 'double' to 'float', possible loss of data
     1>d:\fso\modelview\editorfs_shld.cpp(382): warning C4244: 'initializing' : conversion from 'double' to 'float', possible loss of data
     1>d:\fso\modelview\editorfs_shld.cpp(388): warning C4018: '<' : signed/unsigned mismatch
         EditorFS_MODEL.cpp
     1>d:\fso\modelview\editorfs_model.cpp(345): warning C4244: '=' : conversion from 'double' to 'float', possible loss of data
     1>d:\fso\modelview\editorfs_model.cpp(347): warning C4244: '=' : conversion from 'double' to 'float', possible loss of data
     1>d:\fso\modelview\editorfs_model.cpp(349): warning C4244: '=' : conversion from 'double' to 'float', possible loss of data
     1>d:\fso\modelview\editorfs_model.cpp(366): warning C4244: '=' : conversion from 'double' to 'float', possible loss of data
     1>d:\fso\modelview\editorfs_model.cpp(368): warning C4244: '=' : conversion from 'double' to 'float', possible loss of data
     1>d:\fso\modelview\editorfs_model.cpp(370): warning C4244: '=' : conversion from 'double' to 'float', possible loss of data
     1>d:\fso\modelview\editorfs_model.cpp(372): warning C4244: '=' : conversion from 'double' to 'float', possible loss of data
     1>d:\fso\modelview\editorfs_model.cpp(376): warning C4244: '=' : conversion from 'double' to 'float', possible loss of data
     1>d:\fso\modelview\editorfs_model.cpp(378): warning C4244: '=' : conversion from 'double' to 'float', possible loss of data
     1>d:\fso\modelview\editorfs_model.cpp(380): warning C4244: '=' : conversion from 'double' to 'float', possible loss of data
     1>d:\fso\modelview\editorfs_model.cpp(384): warning C4244: '=' : conversion from 'double' to 'float', possible loss of data
     1>d:\fso\modelview\editorfs_model.cpp(386): warning C4244: '=' : conversion from 'double' to 'float', possible loss of data
     1>d:\fso\modelview\editorfs_model.cpp(388): warning C4244: '=' : conversion from 'double' to 'float', possible loss of data
     1>d:\fso\modelview\editorfs_model.cpp(390): warning C4244: '=' : conversion from 'double' to 'float', possible loss of data
     1>d:\fso\modelview\editorfs_model.cpp(392): warning C4244: '=' : conversion from 'double' to 'float', possible loss of data
     1>d:\fso\modelview\editorfs_model.cpp(394): warning C4244: '=' : conversion from 'double' to 'float', possible loss of data
         EditorFS_GPNT.cpp
     1>d:\fso\modelview\editorfs_gpnt.cpp(428): warning C4244: '=' : conversion from 'double' to 'float', possible loss of data
     1>d:\fso\modelview\editorfs_gpnt.cpp(430): warning C4244: '=' : conversion from 'double' to 'float', possible loss of data
     1>d:\fso\modelview\editorfs_gpnt.cpp(432): warning C4244: '=' : conversion from 'double' to 'float', possible loss of data
     1>d:\fso\modelview\editorfs_gpnt.cpp(434): warning C4244: '=' : conversion from 'double' to 'float', possible loss of data
     1>d:\fso\modelview\editorfs_gpnt.cpp(436): warning C4244: '=' : conversion from 'double' to 'float', possible loss of data
     1>d:\fso\modelview\editorfs_gpnt.cpp(438): warning C4244: '=' : conversion from 'double' to 'float', possible loss of data
     1>d:\fso\modelview\editorfs_gpnt.cpp(755): warning C4996: '_itoa': This function or variable may be unsafe. Consider using _itoa_s instead. To disable deprecation, use _CRT_SECURE_NO_WARNINGS. See online help for details.
                 c:\program files (x86)\microsoft visual studio 10.0\vc\include\stdlib.h(451) : see declaration of '_itoa'
         EditorFS_FUEL.cpp
     1>d:\fso\modelview\editorfs_fuel.cpp(395): warning C4244: '=' : conversion from 'double' to 'float', possible loss of data
     1>d:\fso\modelview\editorfs_fuel.cpp(397): warning C4244: '=' : conversion from 'double' to 'float', possible loss of data
     1>d:\fso\modelview\editorfs_fuel.cpp(399): warning C4244: '=' : conversion from 'double' to 'float', possible loss of data
     1>d:\fso\modelview\editorfs_fuel.cpp(401): warning C4244: '=' : conversion from 'double' to 'float', possible loss of data
     1>d:\fso\modelview\editorfs_fuel.cpp(403): warning C4244: '=' : conversion from 'double' to 'float', possible loss of data
     1>d:\fso\modelview\editorfs_fuel.cpp(405): warning C4244: '=' : conversion from 'double' to 'float', possible loss of data
     1>d:\fso\modelview\editorfs_fuel.cpp(407): warning C4244: '=' : conversion from 'double' to 'float', possible loss of data
         dm_tools.cpp
         DM_Reg.cpp
     1>d:\fso\modelview\dm_reg.cpp(415): warning C4996: 'getenv': This function or variable may be unsafe. Consider using _dupenv_s instead. To disable deprecation, use _CRT_SECURE_NO_WARNINGS. See online help for details.
                 c:\program files (x86)\microsoft visual studio 10.0\vc\include\stdlib.h(433) : see declaration of 'getenv'
         Details.cpp
         DataSafe.cpp
         CoolControlsManager.cpp
         CompilerErrorDlg.cpp
         BCMenu.cpp
     1>d:\fso\modelview\bcmenu.cpp(220): warning C4996: 'wcscpy': This function or variable may be unsafe. Consider using wcscpy_s instead. To disable deprecation, use _CRT_SECURE_NO_WARNINGS. See online help for details.
                 c:\program files (x86)\microsoft visual studio 10.0\vc\include\string.h(283) : see declaration of 'wcscpy'
     1>d:\fso\modelview\bcmenu.cpp(1688): warning C4996: 'wcscpy': This function or variable may be unsafe. Consider using wcscpy_s instead. To disable deprecation, use _CRT_SECURE_NO_WARNINGS. See online help for details.
                 c:\program files (x86)\microsoft visual studio 10.0\vc\include\string.h(283) : see declaration of 'wcscpy'
     1>d:\fso\modelview\bcmenu.cpp(1978): warning C4018: '<' : signed/unsigned mismatch
         AW_CMultiViewSplitter.cpp
         Generating Code...
       ResourceCompile:
         C:\Program Files (x86)\Microsoft SDKs\Windows\v7.0A\bin\rc.exe /D _DEBUG /D _VC80_UPGRADE=0x0600 /l"0x0409" /nologo /fo".\Debug\MODVIEW32.res" MODVIEW32.rc 
       ManifestResourceCompile:
         C:\Program Files (x86)\Microsoft SDKs\Windows\v7.0A\bin\rc.exe /nologo /fo".\Debug\MODVIEW32.exe.embed.manifest.res" .\Debug\MODVIEW32_manifest.rc 
       Link:
         C:\Program Files (x86)\Microsoft Visual Studio 10.0\VC\bin\link.exe /ERRORREPORT:PROMPT /OUT:"Debug/MODVIEW32.exe" /INCREMENTAL /NOLOGO glu32.lib opengl32.lib /MANIFEST /ManifestFile:".\Debug\MODVIEW32.exe.intermediate.manifest" /MANIFESTUAC:"level='asInvoker' uiAccess='false'" /DEBUG /PDB:"D:\FSO\ModelView\Debug\MODVIEW32.pdb" /SUBSYSTEM:WINDOWS /TLBID:1 /DYNAMICBASE /NXCOMPAT /IMPLIB:".\Debug\MODVIEW32.lib" /MACHINE:X86 .\Debug\MODVIEW32.res
         .\Debug\MODVIEW32.exe.embed.manifest.res
         .\Debug1\AW_CMultiViewSplitter.obj
         .\Debug1\BCMenu.obj
         .\Debug1\CompilerErrorDlg.obj
         .\Debug1\CoolControlsManager.obj
         .\Debug1\DataSafe.obj
         .\Debug1\Details.obj
         .\Debug1\DM_Reg.obj
         .\Debug1\dm_tools.obj
         .\Debug1\EditorFS_FUEL.obj
         .\Debug1\EditorFS_GPNT.obj
         .\Debug1\EditorFS_MODEL.obj
         .\Debug1\EditorFS_SHLD.obj
         .\Debug1\EditorFS_SOBJ.obj
         .\Debug1\EditorFS_SPCL.obj
         .\Debug1\EditorFS_TGUN.obj
         .\Debug1\EditorFSDlg_MomentOfInertia.obj
         .\Debug1\EditorFSDlg_TextureNamesEdit.obj
         .\Debug1\EditorFSDlg_Textures.obj
         .\Debug1\Explorer.obj
         .\Debug1\ExplorerBar.obj
         .\Debug1\FolderDlg.obj
         .\Debug1\FSChunk.obj
         .\Debug1\GamePaneD2.obj
         .\Debug1\GamePaneD3.obj
         .\Debug1\GamePaneFS.obj
         .\Debug1\GamePaneRF.obj
         .\Debug1\Help_Using.obj
         .\Debug1\HTMLTaskView.obj
         .\Debug1\ImportCOB.obj
         .\Debug1\ImportDlg.obj
         .\Debug1\LVSort.obj
         .\Debug1\MainFrm.obj
         .\Debug1\Matrix.obj
         .\Debug1\MODVIEW32.obj
         .\Debug1\MODVIEW32Doc.obj
         .\Debug1\MODVIEW32View.obj
         .\Debug1\OpenDlg.obj
         .\Debug1\OptionsDlg.obj
         .\Debug1\ProgressWnd.obj
         .\Debug1\SilentSplitterWnd.obj
         .\Debug1\Splash.obj
         .\Debug1\SplashNew.obj
         .\Debug1\splitterex.obj
         .\Debug1\StaticWithColor.obj
         .\Debug1\StdAfx.obj
         .\Debug1\stif32c.obj
         .\Debug1\TableList.obj
         .\Debug1\TextureView.obj
         .\Debug1\tga.obj
         .\Debug1\TXList.obj
         .\Debug1\TXView.obj
         .\Debug1\TXViewModeToolbar.obj
         .\Debug1\VPFileDialog.obj
         .\Debug1\VPFileDialogSubWnd.obj
         .\Debug1\Welcome.obj
         .\Debug1\WelcomePane.obj
       Manifest:
         C:\Program Files (x86)\Microsoft SDKs\Windows\v7.0A\bin\mt.exe /nologo /verbose /out:".\Debug\MODVIEW32.exe.embed.manifest" /manifest .\Debug\MODVIEW32.exe.intermediate.manifest "C:\Program Files (x86)\Microsoft Visual Studio 10.0\VC\Include\Manifest\dpiaware.manifest"
         C:\Program Files (x86)\Microsoft SDKs\Windows\v7.0A\bin\rc.exe /nologo /fo".\Debug\MODVIEW32.exe.embed.manifest.res" .\Debug\MODVIEW32_manifest.rc 
       LinkEmbedManifest:
         C:\Program Files (x86)\Microsoft Visual Studio 10.0\VC\bin\link.exe /ERRORREPORT:PROMPT /OUT:"Debug/MODVIEW32.exe" /INCREMENTAL /NOLOGO glu32.lib opengl32.lib /MANIFEST /ManifestFile:".\Debug\MODVIEW32.exe.intermediate.manifest" /MANIFESTUAC:"level='asInvoker' uiAccess='false'" /DEBUG /PDB:"D:\FSO\ModelView\Debug\MODVIEW32.pdb" /SUBSYSTEM:WINDOWS /TLBID:1 /DYNAMICBASE /NXCOMPAT /IMPLIB:".\Debug\MODVIEW32.lib" /MACHINE:X86 .\Debug\MODVIEW32.res
         .\Debug\MODVIEW32.exe.embed.manifest.res
         .\Debug1\AW_CMultiViewSplitter.obj
         .\Debug1\BCMenu.obj
         .\Debug1\CompilerErrorDlg.obj
         .\Debug1\CoolControlsManager.obj
         .\Debug1\DataSafe.obj
         .\Debug1\Details.obj
         .\Debug1\DM_Reg.obj
         .\Debug1\dm_tools.obj
         .\Debug1\EditorFS_FUEL.obj
         .\Debug1\EditorFS_GPNT.obj
         .\Debug1\EditorFS_MODEL.obj
         .\Debug1\EditorFS_SHLD.obj
         .\Debug1\EditorFS_SOBJ.obj
         .\Debug1\EditorFS_SPCL.obj
         .\Debug1\EditorFS_TGUN.obj
         .\Debug1\EditorFSDlg_MomentOfInertia.obj
         .\Debug1\EditorFSDlg_TextureNamesEdit.obj
         .\Debug1\EditorFSDlg_Textures.obj
         .\Debug1\Explorer.obj
         .\Debug1\ExplorerBar.obj
         .\Debug1\FolderDlg.obj
         .\Debug1\FSChunk.obj
         .\Debug1\GamePaneD2.obj
         .\Debug1\GamePaneD3.obj
         .\Debug1\GamePaneFS.obj
         .\Debug1\GamePaneRF.obj
         .\Debug1\Help_Using.obj
         .\Debug1\HTMLTaskView.obj
         .\Debug1\ImportCOB.obj
         .\Debug1\ImportDlg.obj
         .\Debug1\LVSort.obj
         .\Debug1\MainFrm.obj
         .\Debug1\Matrix.obj
         .\Debug1\MODVIEW32.obj
         .\Debug1\MODVIEW32Doc.obj
         .\Debug1\MODVIEW32View.obj
         .\Debug1\OpenDlg.obj
         .\Debug1\OptionsDlg.obj
         .\Debug1\ProgressWnd.obj
         .\Debug1\SilentSplitterWnd.obj
         .\Debug1\Splash.obj
         .\Debug1\SplashNew.obj
         .\Debug1\splitterex.obj
         .\Debug1\StaticWithColor.obj
         .\Debug1\StdAfx.obj
         .\Debug1\stif32c.obj
         .\Debug1\TableList.obj
         .\Debug1\TextureView.obj
         .\Debug1\tga.obj
         .\Debug1\TXList.obj
         .\Debug1\TXView.obj
         .\Debug1\TXViewModeToolbar.obj
         .\Debug1\VPFileDialog.obj
         .\Debug1\VPFileDialogSubWnd.obj
         .\Debug1\Welcome.obj
         .\Debug1\WelcomePane.obj
         MODVIEW32.vcxproj -> D:\FSO\ModelView\.\Debug\MODVIEW32.exe
       BscMake:
         C:\Program Files (x86)\Microsoft Visual Studio 10.0\VC\bin\bscmake.exe /nologo /o".\Debug1\MODVIEW32.bsc" .\Debug\AW_CMultiViewSplitter.sbr .\Debug\BCMenu.sbr .\Debug\CompilerErrorDlg.sbr .\Debug\CoolControlsManager.sbr .\Debug\DataSafe.sbr .\Debug\Details.sbr .\Debug\DM_Reg.sbr .\Debug\dm_tools.sbr .\Debug\EditorFS_FUEL.sbr .\Debug\EditorFS_GPNT.sbr .\Debug\EditorFS_MODEL.sbr .\Debug\EditorFS_SHLD.sbr .\Debug\EditorFS_SOBJ.sbr .\Debug\EditorFS_SPCL.sbr .\Debug\EditorFS_TGUN.sbr .\Debug\EditorFSDlg_MomentOfInertia.sbr .\Debug\EditorFSDlg_TextureNamesEdit.sbr .\Debug\EditorFSDlg_Textures.sbr .\Debug\Explorer.sbr .\Debug\ExplorerBar.sbr .\Debug\FolderDlg.sbr .\Debug\FSChunk.sbr .\Debug\GamePaneD2.sbr .\Debug\GamePaneD3.sbr .\Debug\GamePaneFS.sbr .\Debug\GamePaneRF.sbr .\Debug\Help_Using.sbr .\Debug\HTMLTaskView.sbr .\Debug\ImportCOB.sbr .\Debug\ImportDlg.sbr .\Debug\LVSort.sbr .\Debug\MainFrm.sbr .\Debug\Matrix.sbr .\Debug\MODVIEW32.sbr .\Debug\MODVIEW32Doc.sbr .\Debug\MODVIEW32View.sbr .\Debug\OpenDlg.sbr .\Debug\OptionsDlg.sbr .\Debug\ProgressWnd.sbr .\Debug\SilentSplitterWnd.sbr .\Debug\Splash.sbr .\Debug\SplashNew.sbr .\Debug\splitterex.sbr .\Debug\StaticWithColor.sbr .\Debug\StdAfx.sbr .\Debug\stif32c.sbr .\Debug\TableList.sbr .\Debug\TextureView.sbr .\Debug\tga.sbr .\Debug\TXList.sbr .\Debug\TXView.sbr .\Debug\TXViewModeToolbar.sbr .\Debug\VPFileDialog.sbr .\Debug\VPFileDialogSubWnd.sbr .\Debug\Welcome.sbr .\Debug\WelcomePane.sbr
       FinalizeBuildStatus:
         Deleting file ".\Debug\MODVIEW32.unsuccessfulbuild".
         Touching ".\Debug\MODVIEW32.lastbuildstate".
     1>Done Building Project "D:\FSO\ModelView\MODVIEW32.vcxproj" (build target(s)).

Build succeeded.

Time Elapsed 00:00:58.87
