.\Debug\MODVIEW32.ilk
.\Debug\MODVIEW32.pdb
D:\FSO\ModelView\.\Debug\MODVIEW32.exe
D:\FSO\ModelView\.\Debug\MODVIEW32.exe.intermediate.manifest
D:\FSO\MODELVIEW\DEBUG\AW_CMULTIVIEWSPLITTER.SBR
D:\FSO\MODELVIEW\DEBUG\BCMENU.SBR
D:\FSO\ModelView\Debug\BscMake.command.1.tlog
D:\FSO\ModelView\Debug\bscmake.read.1.tlog
D:\FSO\ModelView\Debug\bscmake.write.1.tlog
D:\FSO\ModelView\Debug\cl.command.1.tlog
D:\FSO\ModelView\Debug\CL.read.1.tlog
D:\FSO\ModelView\Debug\CL.write.1.tlog
D:\FSO\MODELVIEW\DEBUG\COMPILERERRORDLG.SBR
D:\FSO\MODELVIEW\DEBUG\COOLCONTROLSMANAGER.SBR
D:\FSO\MODELVIEW\DEBUG\DATASAFE.SBR
D:\FSO\MODELVIEW\DEBUG\DETAILS.SBR
D:\FSO\MODELVIEW\DEBUG\DM_REG.SBR
D:\FSO\MODELVIEW\DEBUG\DM_TOOLS.SBR
D:\FSO\MODELVIEW\DEBUG\EDITORFS_FUEL.SBR
D:\FSO\MODELVIEW\DEBUG\EDITORFS_GPNT.SBR
D:\FSO\MODELVIEW\DEBUG\EDITORFS_MODEL.SBR
D:\FSO\MODELVIEW\DEBUG\EDITORFS_SHLD.SBR
D:\FSO\MODELVIEW\DEBUG\EDITORFS_SOBJ.SBR
D:\FSO\MODELVIEW\DEBUG\EDITORFS_SPCL.SBR
D:\FSO\MODELVIEW\DEBUG\EDITORFS_TGUN.SBR
D:\FSO\MODELVIEW\DEBUG\EDITORFSDLG_MOMENTOFINERTIA.SBR
D:\FSO\MODELVIEW\DEBUG\EDITORFSDLG_TEXTURENAMESEDIT.SBR
D:\FSO\MODELVIEW\DEBUG\EDITORFSDLG_TEXTURES.SBR
D:\FSO\MODELVIEW\DEBUG\EXPLORER.SBR
D:\FSO\MODELVIEW\DEBUG\EXPLORERBAR.SBR
D:\FSO\MODELVIEW\DEBUG\FOLDERDLG.SBR
D:\FSO\MODELVIEW\DEBUG\FSCHUNK.SBR
D:\FSO\MODELVIEW\DEBUG\GAMEPANED2.SBR
D:\FSO\MODELVIEW\DEBUG\GAMEPANED3.SBR
D:\FSO\MODELVIEW\DEBUG\GAMEPANEFS.SBR
D:\FSO\MODELVIEW\DEBUG\GAMEPANERF.SBR
D:\FSO\MODELVIEW\DEBUG\HELP_USING.SBR
D:\FSO\MODELVIEW\DEBUG\HTMLTASKVIEW.SBR
D:\FSO\MODELVIEW\DEBUG\IMPORTCOB.SBR
D:\FSO\MODELVIEW\DEBUG\IMPORTDLG.SBR
D:\FSO\ModelView\Debug\link.command.1.tlog
D:\FSO\ModelView\Debug\link.read.1.tlog
D:\FSO\ModelView\Debug\link.write.1.tlog
D:\FSO\ModelView\Debug\link-cvtres.read.1.tlog
D:\FSO\ModelView\Debug\link-cvtres.write.1.tlog
D:\FSO\MODELVIEW\DEBUG\LVSORT.SBR
D:\FSO\MODELVIEW\DEBUG\MAINFRM.SBR
D:\FSO\MODELVIEW\DEBUG\MATRIX.SBR
D:\FSO\MODELVIEW\DEBUG\MODVIEW32.EXE
D:\FSO\MODELVIEW\DEBUG\MODVIEW32.EXE.EMBED.MANIFEST
D:\FSO\MODELVIEW\DEBUG\MODVIEW32.EXE.EMBED.MANIFEST.RES
D:\FSO\MODELVIEW\DEBUG\MODVIEW32.EXE.INTERMEDIATE.MANIFEST
D:\FSO\MODELVIEW\DEBUG\MODVIEW32.ILK
D:\FSO\MODELVIEW\DEBUG\MODVIEW32.PDB
D:\FSO\MODELVIEW\DEBUG\MODVIEW32.RES
D:\FSO\MODELVIEW\DEBUG\MODVIEW32.SBR
D:\FSO\ModelView\Debug\MODVIEW32_manifest.rc
D:\FSO\MODELVIEW\DEBUG\MODVIEW32DOC.SBR
D:\FSO\MODELVIEW\DEBUG\MODVIEW32VIEW.SBR
D:\FSO\ModelView\Debug\mt.command.1.tlog
D:\FSO\ModelView\Debug\mt.read.1.tlog
D:\FSO\ModelView\Debug\mt.write.1.tlog
D:\FSO\MODELVIEW\DEBUG\OPENDLG.SBR
D:\FSO\MODELVIEW\DEBUG\OPTIONSDLG.SBR
D:\FSO\MODELVIEW\DEBUG\PROGRESSWND.SBR
D:\FSO\ModelView\Debug\rc.command.1.tlog
D:\FSO\ModelView\Debug\rc.read.1.tlog
D:\FSO\ModelView\Debug\rc.write.1.tlog
D:\FSO\MODELVIEW\DEBUG\SILENTSPLITTERWND.SBR
D:\FSO\MODELVIEW\DEBUG\SPLASH.SBR
D:\FSO\MODELVIEW\DEBUG\SPLASHNEW.SBR
D:\FSO\MODELVIEW\DEBUG\SPLITTEREX.SBR
D:\FSO\MODELVIEW\DEBUG\STATICWITHCOLOR.SBR
D:\FSO\MODELVIEW\DEBUG\STDAFX.SBR
D:\FSO\MODELVIEW\DEBUG\STIF32C.SBR
D:\FSO\MODELVIEW\DEBUG\TABLELIST.SBR
D:\FSO\MODELVIEW\DEBUG\TEXTUREVIEW.SBR
D:\FSO\MODELVIEW\DEBUG\TGA.SBR
D:\FSO\MODELVIEW\DEBUG\TXLIST.SBR
D:\FSO\MODELVIEW\DEBUG\TXVIEW.SBR
D:\FSO\MODELVIEW\DEBUG\TXVIEWMODETOOLBAR.SBR
D:\FSO\MODELVIEW\DEBUG\VPFILEDIALOG.SBR
D:\FSO\MODELVIEW\DEBUG\VPFILEDIALOGSUBWND.SBR
D:\FSO\MODELVIEW\DEBUG\WELCOME.SBR
D:\FSO\MODELVIEW\DEBUG\WELCOMEPANE.SBR
D:\FSO\MODELVIEW\DEBUG1\AW_CMULTIVIEWSPLITTER.OBJ
D:\FSO\MODELVIEW\DEBUG1\BCMENU.OBJ
D:\FSO\MODELVIEW\DEBUG1\COMPILERERRORDLG.OBJ
D:\FSO\MODELVIEW\DEBUG1\COOLCONTROLSMANAGER.OBJ
D:\FSO\MODELVIEW\DEBUG1\DATASAFE.OBJ
D:\FSO\MODELVIEW\DEBUG1\DETAILS.OBJ
D:\FSO\MODELVIEW\DEBUG1\DM_REG.OBJ
D:\FSO\MODELVIEW\DEBUG1\DM_TOOLS.OBJ
D:\FSO\MODELVIEW\DEBUG1\EDITORFS_FUEL.OBJ
D:\FSO\MODELVIEW\DEBUG1\EDITORFS_GPNT.OBJ
D:\FSO\MODELVIEW\DEBUG1\EDITORFS_MODEL.OBJ
D:\FSO\MODELVIEW\DEBUG1\EDITORFS_SHLD.OBJ
D:\FSO\MODELVIEW\DEBUG1\EDITORFS_SOBJ.OBJ
D:\FSO\MODELVIEW\DEBUG1\EDITORFS_SPCL.OBJ
D:\FSO\MODELVIEW\DEBUG1\EDITORFS_TGUN.OBJ
D:\FSO\MODELVIEW\DEBUG1\EDITORFSDLG_MOMENTOFINERTIA.OBJ
D:\FSO\MODELVIEW\DEBUG1\EDITORFSDLG_TEXTURENAMESEDIT.OBJ
D:\FSO\MODELVIEW\DEBUG1\EDITORFSDLG_TEXTURES.OBJ
D:\FSO\MODELVIEW\DEBUG1\EXPLORER.OBJ
D:\FSO\MODELVIEW\DEBUG1\EXPLORERBAR.OBJ
D:\FSO\MODELVIEW\DEBUG1\FOLDERDLG.OBJ
D:\FSO\MODELVIEW\DEBUG1\FSCHUNK.OBJ
D:\FSO\MODELVIEW\DEBUG1\GAMEPANED2.OBJ
D:\FSO\MODELVIEW\DEBUG1\GAMEPANED3.OBJ
D:\FSO\MODELVIEW\DEBUG1\GAMEPANEFS.OBJ
D:\FSO\MODELVIEW\DEBUG1\GAMEPANERF.OBJ
D:\FSO\MODELVIEW\DEBUG1\HELP_USING.OBJ
D:\FSO\MODELVIEW\DEBUG1\HTMLTASKVIEW.OBJ
D:\FSO\MODELVIEW\DEBUG1\IMPORTCOB.OBJ
D:\FSO\MODELVIEW\DEBUG1\IMPORTDLG.OBJ
D:\FSO\MODELVIEW\DEBUG1\LVSORT.OBJ
D:\FSO\MODELVIEW\DEBUG1\MAINFRM.OBJ
D:\FSO\MODELVIEW\DEBUG1\MATRIX.OBJ
D:\FSO\MODELVIEW\DEBUG1\MODVIEW32.BSC
D:\FSO\MODELVIEW\DEBUG1\MODVIEW32.OBJ
D:\FSO\MODELVIEW\DEBUG1\MODVIEW32.PCH
D:\FSO\MODELVIEW\DEBUG1\MODVIEW32DOC.OBJ
D:\FSO\MODELVIEW\DEBUG1\MODVIEW32VIEW.OBJ
D:\FSO\MODELVIEW\DEBUG1\OPENDLG.OBJ
D:\FSO\MODELVIEW\DEBUG1\OPTIONSDLG.OBJ
D:\FSO\MODELVIEW\DEBUG1\PROGRESSWND.OBJ
D:\FSO\MODELVIEW\DEBUG1\SILENTSPLITTERWND.OBJ
D:\FSO\MODELVIEW\DEBUG1\SPLASH.OBJ
D:\FSO\MODELVIEW\DEBUG1\SPLASHNEW.OBJ
D:\FSO\MODELVIEW\DEBUG1\SPLITTEREX.OBJ
D:\FSO\MODELVIEW\DEBUG1\STATICWITHCOLOR.OBJ
D:\FSO\MODELVIEW\DEBUG1\STDAFX.OBJ
D:\FSO\MODELVIEW\DEBUG1\STIF32C.OBJ
D:\FSO\MODELVIEW\DEBUG1\TABLELIST.OBJ
D:\FSO\MODELVIEW\DEBUG1\TEXTUREVIEW.OBJ
D:\FSO\MODELVIEW\DEBUG1\TGA.OBJ
D:\FSO\MODELVIEW\DEBUG1\TXLIST.OBJ
D:\FSO\MODELVIEW\DEBUG1\TXVIEW.OBJ
D:\FSO\MODELVIEW\DEBUG1\TXVIEWMODETOOLBAR.OBJ
D:\FSO\MODELVIEW\DEBUG1\VC100.PDB
D:\FSO\MODELVIEW\DEBUG1\VPFILEDIALOG.OBJ
D:\FSO\MODELVIEW\DEBUG1\VPFILEDIALOGSUBWND.OBJ
D:\FSO\MODELVIEW\DEBUG1\WELCOME.OBJ
D:\FSO\MODELVIEW\DEBUG1\WELCOMEPANE.OBJ
